\BOOKMARK [0][-]{chapter.1}{Literature\040Review}{}% 1
\BOOKMARK [1][-]{section.1.1}{Early\040Diagnosis\040and\040Intervention\040in\040Autism}{chapter.1}% 2
\BOOKMARK [1][-]{section.1.2}{Institutional\040Context\040and\040Service\040Transitions}{chapter.1}% 3
\BOOKMARK [1][-]{section.1.3}{Regression\040Discontinuity\040in\040Health\040Services\040Research}{chapter.1}% 4
\BOOKMARK [1][-]{section.1.4}{Long-term\040Outcomes\040in\040Autism}{chapter.1}% 5
\BOOKMARK [1][-]{section.1.5}{Mechanisms}{chapter.1}% 6
\BOOKMARK [1][-]{section.1.6}{Summary}{chapter.1}% 7
\BOOKMARK [0][-]{chapter.2}{Methodology}{}% 8
\BOOKMARK [1][-]{section.2.1}{Regression\040Discontinuity\040Design}{chapter.2}% 9
\BOOKMARK [2][-]{subsection.2.1.1}{Identification\040Strategy}{section.2.1}% 10
\BOOKMARK [2][-]{subsection.2.1.2}{Estimating\040Equation}{section.2.1}% 11
\BOOKMARK [1][-]{section.2.2}{Data}{chapter.2}% 12
\BOOKMARK [2][-]{subsection.2.2.1}{Synthetic\040Data\040Generation}{section.2.2}% 13
\BOOKMARK [2][-]{subsection.2.2.2}{Outcome\040Variables}{section.2.2}% 14
\BOOKMARK [2][-]{subsection.2.2.3}{Covariates}{section.2.2}% 15
\BOOKMARK [1][-]{section.2.3}{Estimation\040Procedures}{chapter.2}% 16
\BOOKMARK [2][-]{subsection.2.3.1}{Bandwidth\040Selection}{section.2.3}% 17
\BOOKMARK [2][-]{subsection.2.3.2}{Local\040Linear\040Regression}{section.2.3}% 18
\BOOKMARK [2][-]{subsection.2.3.3}{Standard\040Errors}{section.2.3}% 19
\BOOKMARK [1][-]{section.2.4}{Validity\040Tests}{chapter.2}% 20
\BOOKMARK [2][-]{subsection.2.4.1}{Manipulation\040Testing}{section.2.4}% 21
\BOOKMARK [2][-]{subsection.2.4.2}{Covariate\040Balance}{section.2.4}% 22
\BOOKMARK [2][-]{subsection.2.4.3}{Placebo\040Tests}{section.2.4}% 23
\BOOKMARK [1][-]{section.2.5}{Robustness\040Checks}{chapter.2}% 24
\BOOKMARK [1][-]{section.2.6}{Software\040and\040Code}{chapter.2}% 25
\BOOKMARK [0][-]{chapter.3}{Results}{}% 26
\BOOKMARK [1][-]{section.3.1}{Main\040Results}{chapter.3}% 27
\BOOKMARK [2][-]{subsection.3.1.1}{Interpretation}{section.3.1}% 28
\BOOKMARK [1][-]{section.3.2}{Graphical\040Evidence}{chapter.3}% 29
\BOOKMARK [1][-]{section.3.3}{Sensitivity\040to\040Bandwidth}{chapter.3}% 30
\BOOKMARK [1][-]{section.3.4}{Validity\040Tests}{chapter.3}% 31
\BOOKMARK [2][-]{subsection.3.4.1}{Covariate\040Balance}{section.3.4}% 32
\BOOKMARK [2][-]{subsection.3.4.2}{Density\040Test}{section.3.4}% 33
\BOOKMARK [1][-]{section.3.5}{Heterogeneous\040Effects}{chapter.3}% 34
\BOOKMARK [1][-]{section.3.6}{Summary\040of\040Findings}{chapter.3}% 35
\BOOKMARK [0][-]{chapter.4}{Discussion}{}% 36
\BOOKMARK [1][-]{section.4.1}{Magnitude\040and\040Significance\040of\040Effects}{chapter.4}% 37
\BOOKMARK [1][-]{section.4.2}{Mechanisms}{chapter.4}% 38
\BOOKMARK [2][-]{subsection.4.2.1}{Neural\040Plasticity\040and\040Critical\040Periods}{section.4.2}% 39
\BOOKMARK [2][-]{subsection.4.2.2}{Skill\040Building\040and\040Developmental\040Cascades}{section.4.2}% 40
\BOOKMARK [2][-]{subsection.4.2.3}{Family\040Adaptation\040and\040Support}{section.4.2}% 41
\BOOKMARK [2][-]{subsection.4.2.4}{Educational\040Trajectory}{section.4.2}% 42
\BOOKMARK [1][-]{section.4.3}{Policy\040Implications}{chapter.4}% 43
\BOOKMARK [2][-]{subsection.4.3.1}{Universal\040Screening}{section.4.3}% 44
\BOOKMARK [2][-]{subsection.4.3.2}{Service\040Organization}{section.4.3}% 45
\BOOKMARK [2][-]{subsection.4.3.3}{Resource\040Allocation}{section.4.3}% 46
\BOOKMARK [2][-]{subsection.4.3.4}{Reducing\040Disparities}{section.4.3}% 47
\BOOKMARK [1][-]{section.4.4}{Limitations}{chapter.4}% 48
\BOOKMARK [1][-]{section.4.5}{Future\040Research\040Directions}{chapter.4}% 49
\BOOKMARK [1][-]{section.4.6}{Conclusion}{chapter.4}% 50
\BOOKMARK [0][-]{chapter.5}{Conclusion}{}% 51
\BOOKMARK [1][-]{section.5.1}{Key\040Findings}{chapter.5}% 52
\BOOKMARK [1][-]{section.5.2}{Scientific\040Contribution}{chapter.5}% 53
\BOOKMARK [1][-]{section.5.3}{Policy\040Recommendations}{chapter.5}% 54
\BOOKMARK [1][-]{section.5.4}{Future\040Directions}{chapter.5}% 55
\BOOKMARK [1][-]{section.5.5}{Closing\040Thoughts}{chapter.5}% 56
\BOOKMARK [0][-]{chapter.6}{Appendix}{}% 57
\BOOKMARK [1][-]{section.6.1}{A.\040Additional\040Robustness\040Checks}{chapter.6}% 58
\BOOKMARK [2][-]{subsection.6.1.1}{A.1\040Alternative\040Polynomial\040Specifications}{section.6.1}% 59
\BOOKMARK [2][-]{subsection.6.1.2}{A.2\040Placebo\040Tests\040at\040False\040Cutoffs}{section.6.1}% 60
\BOOKMARK [2][-]{subsection.6.1.3}{A.3\040Donut\040RD\040Excluding\040Observations\040Near\040Cutoff}{section.6.1}% 61
\BOOKMARK [1][-]{section.6.2}{B.\040Data\040Construction\040Details}{chapter.6}% 62
\BOOKMARK [2][-]{subsection.6.2.1}{B.1\040Synthetic\040Data\040Generation\040Algorithm}{section.6.2}% 63
\BOOKMARK [2][-]{subsection.6.2.2}{B.2\040Variable\040Definitions}{section.6.2}% 64
\BOOKMARK [1][-]{section.6.3}{C.\040Statistical\040Power\040Calculations}{chapter.6}% 65
\BOOKMARK [2][-]{subsection.6.3.1}{C.1\040Minimum\040Detectable\040Effects}{section.6.3}% 66
\BOOKMARK [2][-]{subsection.6.3.2}{C.2\040Ex-Post\040Power\040Analysis}{section.6.3}% 67
\BOOKMARK [1][-]{section.6.4}{D.\040Cost-Effectiveness\040Analysis}{chapter.6}% 68
\BOOKMARK [2][-]{subsection.6.4.1}{D.1\040Program\040Costs}{section.6.4}% 69
\BOOKMARK [2][-]{subsection.6.4.2}{D.2\040Economic\040Benefits}{section.6.4}% 70
\BOOKMARK [2][-]{subsection.6.4.3}{D.3\040Benefit-Cost\040Ratio}{section.6.4}% 71
\BOOKMARK [1][-]{section.6.5}{E.\040External\040Validity\040Considerations}{chapter.6}% 72
\BOOKMARK [2][-]{subsection.6.5.1}{E.1\040Comparison\040to\040Published\040Studies}{section.6.5}% 73
\BOOKMARK [2][-]{subsection.6.5.2}{E.2\040Generalizability\040Assessment}{section.6.5}% 74
\BOOKMARK [1][-]{section.6.6}{F.\040Supplementary\040Analyses}{chapter.6}% 75
\BOOKMARK [2][-]{subsection.6.6.1}{F.1\040Quantile\040Treatment\040Effects}{section.6.6}% 76
\BOOKMARK [2][-]{subsection.6.6.2}{F.2\040Mediation\040Analysis}{section.6.6}% 77
\BOOKMARK [2][-]{subsection.6.6.3}{F.3\040Sibling\040Spillovers}{section.6.6}% 78
\BOOKMARK [1][-]{section.6.7}{G.\040Implementation\040Considerations}{chapter.6}% 79
\BOOKMARK [2][-]{subsection.6.7.1}{G.1\040Screening\040Protocol}{section.6.7}% 80
\BOOKMARK [2][-]{subsection.6.7.2}{G.2\040Training\040Requirements}{section.6.7}% 81
\BOOKMARK [2][-]{subsection.6.7.3}{G.3\040System\040Capacity}{section.6.7}% 82
